IQ-TREE multicore version 1.6.10 for Mac OS X 64-bit built Feb 19 2019
Developed by Bui Quang Minh, Nguyen Lam Tung, Olga Chernomor,
Heiko Schmidt, Dominik Schrempf, Michael Woodhams.

Host:    Spensers-MacBook-Pro.local (AVX2, FMA3, 8 GB RAM)
Command: iqtree -s primates_and_galeopterus_cytb.nex -m GTR+F+R4 -bb 1000
Seed:    864781 (Using SPRNG - Scalable Parallel Random Number Generator)
Time:    Wed Apr 10 20:21:24 2019
Kernel:  AVX+FMA - 1 threads (4 CPU cores detected)

HINT: Use -nt option to specify number of threads because your CPU has 4 cores!
HINT: -nt AUTO will automatically determine the best number of threads to use.

Reading alignment file primates_and_galeopterus_cytb.nex ... Nexus format detected
Alignment has 23 sequences with 1102 columns, 647 distinct patterns
568 parsimony-informative, 83 singleton sites, 451 constant sites
                              Gap/Ambiguity  Composition  p-value
   1  Saimiri_sciureus                0.09%    passed     92.34%
   2  Callicebus_donacophilus         0.09%    passed     33.40%
   3  Cebus_albifrons                 0.36%    passed     19.48%
   4  Aotus_trivirgatus               0.09%    passed     22.64%
   5  Hylobates_lar                   0.00%    failed      4.18%
   6  Pan_paniscus                    0.00%    failed      3.15%
   7  Colobus_guereza                 0.00%    passed     59.68%
   8  Chlorocebus_aethiops            0.00%    passed      7.99%
   9  Macaca_mulatta                  0.00%    failed      4.69%
  10  Tarsius_syrichta                0.09%    passed      7.32%
  11  Galago_senegalensis             0.09%    passed     76.83%
  12  Otolemur_crassicaudatus         0.09%    passed     39.13%
  13  Perodicticus_potto              0.09%    passed     28.10%
  14  Loris_tardigradus               0.09%    failed      2.23%
  15  Nycticebus_coucang              0.09%    passed     62.99%
  16  Daubentonia_madagascariensis    0.09%    passed     41.07%
  17  Lepilemur_hubbardorum           0.09%    passed     87.86%
  18  Varecia_variegata_variegata     0.09%    passed     80.84%
  19  Microcebus_murinus              0.09%    failed      1.37%
  20  Cheirogaleus_major              0.09%    failed      4.21%
  21  Propithecus_coquereli           0.09%    passed     88.26%
  22  Lemur_catta                     0.09%    passed     36.32%
  23  Galeopterus_variegatus          5.90%    passed     24.95%
****  TOTAL                           0.34%  6 sequences failed composition chi2 test (p-value<5%; df=3)

Create initial parsimony tree by phylogenetic likelihood library (PLL)... 0.002 seconds
Generating 1000 samples for ultrafast bootstrap (seed: 864781)...

NOTE: 4 MB RAM (0 GB) is required!
Estimate model parameters (epsilon = 0.100)
1. Initial log-likelihood: -14369.339
2. Current log-likelihood: -13208.664
3. Current log-likelihood: -13183.241
4. Current log-likelihood: -13180.040
5. Current log-likelihood: -13178.676
6. Current log-likelihood: -13177.784
7. Current log-likelihood: -13177.142
8. Current log-likelihood: -13176.583
9. Current log-likelihood: -13176.085
10. Current log-likelihood: -13175.624
11. Current log-likelihood: -13175.192
12. Current log-likelihood: -13174.782
13. Current log-likelihood: -13174.389
14. Current log-likelihood: -13174.015
15. Current log-likelihood: -13173.658
16. Current log-likelihood: -13173.320
17. Current log-likelihood: -13173.001
18. Current log-likelihood: -13172.702
19. Current log-likelihood: -13172.424
20. Current log-likelihood: -13172.167
21. Current log-likelihood: -13171.930
22. Current log-likelihood: -13171.713
23. Current log-likelihood: -13171.516
24. Current log-likelihood: -13171.337
25. Current log-likelihood: -13171.175
26. Current log-likelihood: -13171.028
27. Current log-likelihood: -13170.900
28. Current log-likelihood: -13170.786
Optimal log-likelihood: -13170.689
Rate parameters:  A-C: 3.32732  A-G: 9.94872  A-T: 2.02611  C-G: 0.54318  C-T: 17.25772  G-T: 1.00000
Base frequencies:  A: 0.294  C: 0.315  G: 0.115  T: 0.276
Site proportion and rates:  (0.413,0.011) (0.219,0.545) (0.306,1.813) (0.061,5.240)
Parameters optimization took 28 rounds (0.906 sec)
Computing ML distances based on estimated model parameters... 0.004 sec
Computing BIONJ tree...
0.001 seconds
Log-likelihood of BIONJ tree: -13158.566
--------------------------------------------------------------------
|             INITIALIZING CANDIDATE TREE SET                      |
--------------------------------------------------------------------
Generating 98 parsimony trees... 0.178 second
Computing log-likelihood of 98 initial trees ... 0.399 seconds
Current best score: -13158.566

Do NNI search on 20 best initial trees
Estimate model parameters (epsilon = 0.100)
BETTER TREE FOUND at iteration 1: -13153.806
Estimate model parameters (epsilon = 0.100)
BETTER TREE FOUND at iteration 2: -13153.618
UPDATE BEST LOG-LIKELIHOOD: -13153.616
UPDATE BEST LOG-LIKELIHOOD: -13153.611
Iteration 10 / LogL: -13153.763 / Time: 0h:0m:2s
Iteration 20 / LogL: -13153.770 / Time: 0h:0m:2s
Finish initializing candidate tree set (3)
Current best tree score: -13153.611 / CPU time: 1.504
Number of iterations: 20
--------------------------------------------------------------------
|               OPTIMIZING CANDIDATE TREE SET                      |
--------------------------------------------------------------------
Iteration 30 / LogL: -13153.798 / Time: 0h:0m:2s (0h:0m:7s left)
Iteration 40 / LogL: -13160.605 / Time: 0h:0m:3s (0h:0m:5s left)
Iteration 50 / LogL: -13153.646 / Time: 0h:0m:3s (0h:0m:3s left)
Log-likelihood cutoff on original alignment: -13187.148
Iteration 60 / LogL: -13157.649 / Time: 0h:0m:4s (0h:0m:3s left)
Iteration 70 / LogL: -13153.612 / Time: 0h:0m:4s (0h:0m:2s left)
Iteration 80 / LogL: -13157.310 / Time: 0h:0m:5s (0h:0m:1s left)
Iteration 90 / LogL: -13153.617 / Time: 0h:0m:5s (0h:0m:0s left)
Iteration 100 / LogL: -13153.635 / Time: 0h:0m:5s (0h:0m:0s left)
Log-likelihood cutoff on original alignment: -13187.148
NOTE: Bootstrap correlation coefficient of split occurrence frequencies: 1.000
TREE SEARCH COMPLETED AFTER 103 ITERATIONS / Time: 0h:0m:6s

--------------------------------------------------------------------
|                    FINALIZING TREE SEARCH                        |
--------------------------------------------------------------------
Performs final model parameters optimization
Estimate model parameters (epsilon = 0.010)
1. Initial log-likelihood: -13153.611
2. Current log-likelihood: -13153.558
3. Current log-likelihood: -13153.502
4. Current log-likelihood: -13153.459
5. Current log-likelihood: -13153.418
6. Current log-likelihood: -13153.385
7. Current log-likelihood: -13153.357
8. Current log-likelihood: -13153.333
9. Current log-likelihood: -13153.308
10. Current log-likelihood: -13153.294
11. Current log-likelihood: -13153.281
12. Current log-likelihood: -13153.268
13. Current log-likelihood: -13153.257
14. Current log-likelihood: -13153.246
15. Current log-likelihood: -13153.236
Optimal log-likelihood: -13153.220
Rate parameters:  A-C: 3.71462  A-G: 11.51468  A-T: 2.26641  C-G: 0.60924  C-T: 19.43207  G-T: 1.00000
Base frequencies:  A: 0.294  C: 0.315  G: 0.115  T: 0.276
Site proportion and rates:  (0.424,0.014) (0.246,0.637) (0.281,1.983) (0.049,5.756)
Parameters optimization took 15 rounds (0.349 sec)
BEST SCORE FOUND : -13153.220
Creating bootstrap support values...
Split supports printed to NEXUS file primates_and_galeopterus_cytb.nex.splits.nex
Total tree length: 5.273

Total number of iterations: 103
CPU time used for tree search: 5.205 sec (0h:0m:5s)
Wall-clock time used for tree search: 5.238 sec (0h:0m:5s)
Total CPU time used: 6.556 sec (0h:0m:6s)
Total wall-clock time used: 6.608 sec (0h:0m:6s)

Computing bootstrap consensus tree...
Reading input file primates_and_galeopterus_cytb.nex.splits.nex...
23 taxa and 116 splits.
Consensus tree written to primates_and_galeopterus_cytb.nex.contree
Reading input trees file primates_and_galeopterus_cytb.nex.contree
Log-likelihood of consensus tree: -13153.218

Analysis results written to: 
  IQ-TREE report:                primates_and_galeopterus_cytb.nex.iqtree
  Maximum-likelihood tree:       primates_and_galeopterus_cytb.nex.treefile
  Likelihood distances:          primates_and_galeopterus_cytb.nex.mldist

Ultrafast bootstrap approximation results written to:
  Split support values:          primates_and_galeopterus_cytb.nex.splits.nex
  Consensus tree:                primates_and_galeopterus_cytb.nex.contree
  Screen log file:               primates_and_galeopterus_cytb.nex.log

Date and Time: Wed Apr 10 20:21:31 2019
